<?xml version="1.0" encoding="UTF-8"?>
<!-- Generated by org.testng.reporters.JUnitReportReporter -->
<testsuite hostname="DESKTOP-M9KCNPI" failures="0" tests="3" name="TestCases.VerifyLoginPage" time="36.587" errors="0" timestamp="2024-04-13T12:04:47 IST" skipped="0">
  <testcase classname="TestCases.VerifyLoginPage" name="loginVerification" time="13.875"/>
  <system-out/>
  <testcase classname="TestCases.VerifyLoginPage" name="loginVerification" time="11.176"/>
  <system-out/>
  <testcase classname="TestCases.VerifyLoginPage" name="loginVerification" time="11.536"/>
  <system-out/>
</testsuite> <!-- TestCases.VerifyLoginPage -->
