<?xml version="1.0" encoding="UTF-8"?>
<!-- Generated by org.testng.reporters.JUnitReportReporter -->
<testsuite hostname="DESKTOP-M9KCNPI" failures="0" tests="3" name="TestCases.VerifyLoginPage" time="40.225" errors="0" timestamp="2024-04-14T10:05:43 IST" skipped="0">
  <testcase classname="TestCases.VerifyLoginPage" name="loginVerification" time="11.980"/>
  <system-out/>
  <testcase classname="TestCases.VerifyLoginPage" name="loginVerification" time="11.974"/>
  <system-out/>
  <testcase classname="TestCases.VerifyLoginPage" name="loginVerification" time="16.271"/>
  <system-out/>
</testsuite> <!-- TestCases.VerifyLoginPage -->
