<?xml version="1.0" encoding="UTF-8"?>
<!-- Generated by org.testng.reporters.JUnitReportReporter -->
<testsuite hostname="DESKTOP-M9KCNPI" failures="0" tests="1" name="TestCases.VerifySignUpPage" time="22.572" errors="0" timestamp="2024-04-14T10:05:43 IST" skipped="0">
  <testcase classname="TestCases.VerifySignUpPage" name="verifySignUp" time="22.572"/>
  <system-out/>
</testsuite> <!-- TestCases.VerifySignUpPage -->
