<?xml version="1.0" encoding="UTF-8"?>
<!-- Generated by org.testng.reporters.JUnitReportReporter -->
<testsuite hostname="DESKTOP-M9KCNPI" failures="0" tests="3" name="TestCases.VerifyLoginPage" time="39.977" errors="0" timestamp="2024-04-14T10:16:43 IST" skipped="0">
  <testcase classname="TestCases.VerifyLoginPage" name="loginVerification" time="11.245"/>
  <testcase classname="TestCases.VerifyLoginPage" name="loginVerification" time="15.860"/>
  <testcase classname="TestCases.VerifyLoginPage" name="loginVerification" time="12.872"/>
</testsuite> <!-- TestCases.VerifyLoginPage -->
