<?xml version="1.0" encoding="UTF-8"?>
<!-- Generated by org.testng.reporters.JUnitReportReporter -->
<testsuite hostname="DESKTOP-M9KCNPI" failures="0" tests="1" name="TestCases.VerifySignUpPage" time="19.450" errors="0" timestamp="2024-04-15T08:37:28 IST" skipped="0">
  <testcase classname="TestCases.VerifySignUpPage" name="verifySignUp" time="19.450"/>
</testsuite> <!-- TestCases.VerifySignUpPage -->
