<?xml version="1.0" encoding="UTF-8"?>
<!-- Generated by org.testng.reporters.JUnitReportReporter -->
<testsuite hostname="DESKTOP-M9KCNPI" failures="0" tests="3" name="TestCases.VerifyLoginPage" time="40.225" errors="0" timestamp="2024-04-15T08:37:28 IST" skipped="0">
  <testcase classname="TestCases.VerifyLoginPage" name="loginVerification" time="11.078"/>
  <testcase classname="TestCases.VerifyLoginPage" name="loginVerification" time="16.119"/>
  <testcase classname="TestCases.VerifyLoginPage" name="loginVerification" time="13.028"/>
</testsuite> <!-- TestCases.VerifyLoginPage -->
